<?xml version="1.0" encoding="UTF-8"?>
<!-- Generated by org.testng.reporters.JUnitReportReporter -->
<testsuite hostname="MSI" failures="0" tests="5" name="learning.UILoginEdge" time="11.907" errors="0" timestamp="2024-07-02T14:27:57 IST" skipped="0">
  <testcase classname="learning.UILoginEdge" name="the_user_enters_valid_credentials" time="0.357"/>
  <testcase classname="learning.UILoginEdge" name="the_user_should_be_logged_in_successfully" time="0.064"/>
  <testcase classname="learning.UILoginEdge" name="the_user_is_logged_in" time="0.001"/>
  <testcase classname="learning.UILoginEdge" name="the_user_clicks_on_the_logout_button" time="10.121"/>
  <testcase classname="learning.UILoginEdge" name="the_user_should_be_logged_out_successfully" time="1.364"/>
</testsuite> <!-- learning.UILoginEdge -->
