<?xml version="1.0" encoding="UTF-8"?>
<!-- Generated by org.testng.reporters.JUnitReportReporter -->
<testsuite hostname="MSI" failures="0" tests="2" name="learning.Runner" time="15.689" errors="0" timestamp="2024-06-26T20:30:54 IST" skipped="0">
  <testcase classname="learning.Runner" name="runScenario" time="5.510"/>
  <testcase classname="learning.Runner" name="runScenario" time="10.179"/>
</testsuite> <!-- learning.Runner -->
